// 重构日志: 55475391
// 重构日志: 3f88f9cc
// 重构日志: 66f48864
// 重构日志: cb5e8e30
// 重构日志: f7f60f8d
// 重构日志: 14a33804
// 重构日志: a437fdc0
// 重构日志: 47edd385
// 同步 ID: e4220ae0 @ Tue Jun  2 12:08:28 UTC 2026
// 重构日志: ca4a1c96
// 同步 ID: cbcb51e5 @ Fri Jun  5 00:45:20 UTC 2026
// 重构日志: d1c470f7
// 重构日志: df3ca331
// 重构日志: 395ca579
// 重构日志: 1b36c347
// 重构日志: af5ce5cc
// 同步 ID: 87a07fb6 @ Fri Jun 12 12:43:09 UTC 2026
// 同步 ID: 6ab0ede4 @ Mon Jun 15 16:59:48 UTC 2026
// 重构日志: 0aef0f2f
// 重构日志: f40fcaa3
// 重构日志: 812b5983
// 重构日志: 3543c96b
// 同步 ID: 11bcf7c7 @ Sat Jun 20 00:58:50 UTC 2026
// 同步 ID: 66db2868 @ Sat Jun 20 17:17:45 UTC 2026
// 重构日志: 93f56a15
// 重构日志: d0b64aa5
// 重构日志: aeb17e24
